<?xml version="1.0" encoding="UTF-8"?>
<!-- Generated by org.testng.reporters.JUnitXMLReporter -->
<testsuite hostname="BLRPRAGWD22706" ignored="0" name="Test" tests="2" failures="2" timestamp="16 Oct 2017 09:46:41 GMT" time="0.125" errors="0">
  <testcase name="bookHotel" time="0.109" classname="Demo.Selenium.BookTicket">
    <failure type="java.lang.NullPointerException">
      <![CDATA[java.lang.NullPointerException
	at Demo.Selenium.BaseFrame.navigateTo(BaseFrame.java:334)
	at Demo.Selenium.BookTicket.bookHotel(BookTicket.java:138)
... Removed 25 stack frames]]>
    </failure>
  </testcase> <!-- bookHotel -->
  <testcase name="bookTicket" time="0.0" classname="Demo.Selenium.BookTicket">
    <failure type="java.lang.NullPointerException">
      <![CDATA[java.lang.NullPointerException
	at Demo.Selenium.BaseFrame.navigateTo(BaseFrame.java:334)
	at Demo.Selenium.BookTicket.bookTicket(BookTicket.java:80)
... Removed 25 stack frames]]>
    </failure>
  </testcase> <!-- bookTicket -->
</testsuite> <!-- Test -->
